# JRE version: OpenJDK Runtime Environment (8.0_242-b01) (build 1.8.0_242-release-1644-b01)
# Java VM: OpenJDK 64-Bit Server VM (25.242-b01 mixed mode windows-amd64 compressed oops)
Heap:
 PSYoungGen      total 518144K, used 467242K [0x00000000d5580000, 0x0000000100000000, 0x0000000100000000)
  eden space 404992K, 100% used [0x00000000d5580000,0x00000000ee100000,0x00000000ee100000)
  from space 113152K, 55% used [0x00000000ee100000,0x00000000f1dca8c0,0x00000000f4f80000)
  to   space 111616K, 10% used [0x00000000f9300000,0x00000000f9e08110,0x0000000100000000)
 ParOldGen       total 389120K, used 213842K [0x0000000080000000, 0x0000000097c00000, 0x00000000d5580000)
  object space 389120K, 54% used [0x0000000080000000,0x000000008d0da8b0,0x0000000097c00000)
 Metaspace       used 108947K, capacity 115008K, committed 115352K, reserved 1148928K
  class space    used 13851K, capacity 14926K, committed 15024K, reserved 1048576K
GC Heap History (10 events):
Event: 1330.547 GC heap after
Heap after GC invocations=31 (full 4):
 PSYoungGen      total 379392K, used 73723K [0x00000000d5580000, 0x00000000f7500000, 0x0000000100000000)
  eden space 305664K, 0% used [0x00000000d5580000,0x00000000d5580000,0x00000000e8000000)
  from space 73728K, 99% used [0x00000000e8000000,0x00000000ec7fef48,0x00000000ec800000)
  to   space 100352K, 0% used [0x00000000f1300000,0x00000000f1300000,0x00000000f7500000)
 ParOldGen       total 389120K, used 167228K [0x0000000080000000, 0x0000000097c00000, 0x00000000d5580000)
  object space 389120K, 42% used [0x0000000080000000,0x000000008a34f3a8,0x0000000097c00000)
 Metaspace       used 107567K, capacity 113048K, committed 113432K, reserved 1148928K
  class space    used 13746K, capacity 14738K, committed 14896K, reserved 1048576K
}
Event: 1374.798 GC heap before
{Heap before GC invocations=32 (full 4):
 PSYoungGen      total 379392K, used 379387K [0x00000000d5580000, 0x00000000f7500000, 0x0000000100000000)
  eden space 305664K, 100% used [0x00000000d5580000,0x00000000e8000000,0x00000000e8000000)
  from space 73728K, 99% used [0x00000000e8000000,0x00000000ec7fef48,0x00000000ec800000)
  to   space 100352K, 0% used [0x00000000f1300000,0x00000000f1300000,0x00000000f7500000)
 ParOldGen       total 389120K, used 167228K [0x0000000080000000, 0x0000000097c00000, 0x00000000d5580000)
  object space 389120K, 42% used [0x0000000080000000,0x000000008a34f3a8,0x0000000097c00000)
 Metaspace       used 107664K, capacity 113200K, committed 113688K, reserved 1148928K
  class space    used 13748K, capacity 14742K, committed 14896K, reserved 1048576K
Event: 1374.895 GC heap after
Heap after GC invocations=32 (full 4):
 PSYoungGen      total 444928K, used 57760K [0x00000000d5580000, 0x00000000f6f80000, 0x0000000100000000)
  eden space 350208K, 0% used [0x00000000d5580000,0x00000000d5580000,0x00000000eab80000)
  from space 94720K, 60% used [0x00000000f1300000,0x00000000f4b68060,0x00000000f6f80000)
  to   space 100352K, 0% used [0x00000000eab80000,0x00000000eab80000,0x00000000f0d80000)
 ParOldGen       total 389120K, used 170893K [0x0000000080000000, 0x0000000097c00000, 0x00000000d5580000)
  object space 389120K, 43% used [0x0000000080000000,0x000000008a6e34b8,0x0000000097c00000)
 Metaspace       used 107664K, capacity 113200K, committed 113688K, reserved 1148928K
  class space    used 13748K, capacity 14742K, committed 14896K, reserved 1048576K
}
Event: 1378.003 GC heap before
{Heap before GC invocations=33 (full 4):
 PSYoungGen      total 444928K, used 407968K [0x00000000d5580000, 0x00000000f6f80000, 0x0000000100000000)
  eden space 350208K, 100% used [0x00000000d5580000,0x00000000eab80000,0x00000000eab80000)
  from space 94720K, 60% used [0x00000000f1300000,0x00000000f4b68060,0x00000000f6f80000)
  to   space 100352K, 0% used [0x00000000eab80000,0x00000000eab80000,0x00000000f0d80000)
 ParOldGen       total 389120K, used 170893K [0x0000000080000000, 0x0000000097c00000, 0x00000000d5580000)
  object space 389120K, 43% used [0x0000000080000000,0x000000008a6e34b8,0x0000000097c00000)
 Metaspace       used 108108K, capacity 113688K, committed 113944K, reserved 1148928K
  class space    used 13756K, capacity 14756K, committed 14896K, reserved 1048576K
Event: 1378.155 GC heap after
Heap after GC invocations=33 (full 4):
 PSYoungGen      total 450560K, used 83241K [0x00000000d5580000, 0x00000000fba80000, 0x0000000100000000)
  eden space 350208K, 0% used [0x00000000d5580000,0x00000000d5580000,0x00000000eab80000)
  from space 100352K, 82% used [0x00000000eab80000,0x00000000efcca4c0,0x00000000f0d80000)
  to   space 109568K, 0% used [0x00000000f4f80000,0x00000000f4f80000,0x00000000fba80000)
 ParOldGen       total 389120K, used 177445K [0x0000000080000000, 0x0000000097c00000, 0x00000000d5580000)
  object space 389120K, 45% used [0x0000000080000000,0x000000008ad495b0,0x0000000097c00000)
 Metaspace       used 108108K, capacity 113688K, committed 113944K, reserved 1148928K
  class space    used 13756K, capacity 14756K, committed 14896K, reserved 1048576K
}
Event: 1380.080 GC heap before
{Heap before GC invocations=34 (full 4):
 PSYoungGen      total 450560K, used 433449K [0x00000000d5580000, 0x00000000fba80000, 0x0000000100000000)
  eden space 350208K, 100% used [0x00000000d5580000,0x00000000eab80000,0x00000000eab80000)
  from space 100352K, 82% used [0x00000000eab80000,0x00000000efcca4c0,0x00000000f0d80000)
  to   space 109568K, 0% used [0x00000000f4f80000,0x00000000f4f80000,0x00000000fba80000)
 ParOldGen       total 389120K, used 177445K [0x0000000080000000, 0x0000000097c00000, 0x00000000d5580000)
  object space 389120K, 45% used [0x0000000080000000,0x000000008ad495b0,0x0000000097c00000)
 Metaspace       used 108214K, capacity 113838K, committed 114200K, reserved 1148928K
  class space    used 13757K, capacity 14757K, committed 14896K, reserved 1048576K
Event: 1380.238 GC heap after
Heap after GC invocations=34 (full 4):
 PSYoungGen      total 514560K, used 73707K [0x00000000d5580000, 0x00000000fcb00000, 0x0000000100000000)
  eden space 404992K, 0% used [0x00000000d5580000,0x00000000d5580000,0x00000000ee100000)
  from space 109568K, 67% used [0x00000000f4f80000,0x00000000f977add0,0x00000000fba80000)
  to   space 113152K, 0% used [0x00000000ee100000,0x00000000ee100000,0x00000000f4f80000)
 ParOldGen       total 389120K, used 178306K [0x0000000080000000, 0x0000000097c00000, 0x00000000d5580000)
  object space 389120K, 45% used [0x0000000080000000,0x000000008ae209f0,0x0000000097c00000)
 Metaspace       used 108214K, capacity 113838K, committed 114200K, reserved 1148928K
  class space    used 13757K, capacity 14757K, committed 14896K, reserved 1048576K
}
Event: 1390.825 GC heap before
{Heap before GC invocations=35 (full 4):
 PSYoungGen      total 514560K, used 478174K [0x00000000d5580000, 0x00000000fcb00000, 0x0000000100000000)
  eden space 404992K, 99% used [0x00000000d5580000,0x00000000ee07ca98,0x00000000ee100000)
  from space 109568K, 67% used [0x00000000f4f80000,0x00000000f977add0,0x00000000fba80000)
  to   space 113152K, 0% used [0x00000000ee100000,0x00000000ee100000,0x00000000f4f80000)
 ParOldGen       total 389120K, used 178306K [0x0000000080000000, 0x0000000097c00000, 0x00000000d5580000)
  object space 389120K, 45% used [0x0000000080000000,0x000000008ae209f0,0x0000000097c00000)
 Metaspace       used 108430K, capacity 114104K, committed 114456K, reserved 1148928K
  class space    used 13787K, capacity 14808K, committed 14896K, reserved 1048576K
Event: 1390.950 GC heap after
Heap after GC invocations=35 (full 4):
 PSYoungGen      total 518144K, used 62250K [0x00000000d5580000, 0x0000000100000000, 0x0000000100000000)
  eden space 404992K, 0% used [0x00000000d5580000,0x00000000d5580000,0x00000000ee100000)
  from space 113152K, 55% used [0x00000000ee100000,0x00000000f1dca8c0,0x00000000f4f80000)
  to   space 111616K, 0% used [0x00000000f9300000,0x00000000f9300000,0x0000000100000000)
 ParOldGen       total 389120K, used 185705K [0x0000000080000000, 0x0000000097c00000, 0x00000000d5580000)
  object space 389120K, 47% used [0x0000000080000000,0x000000008b55a440,0x0000000097c00000)
 Metaspace       used 108430K, capacity 114104K, committed 114456K, reserved 1148928K
  class space    used 13787K, capacity 14808K, committed 14896K, reserved 1048576K
}
Event: 1560.055 GC heap before
{Heap before GC invocations=36 (full 4):
 PSYoungGen      total 518144K, used 467242K [0x00000000d5580000, 0x0000000100000000, 0x0000000100000000)
  eden space 404992K, 100% used [0x00000000d5580000,0x00000000ee100000,0x00000000ee100000)
  from space 113152K, 55% used [0x00000000ee100000,0x00000000f1dca8c0,0x00000000f4f80000)
  to   space 111616K, 0% used [0x00000000f9300000,0x00000000f9300000,0x0000000100000000)
 ParOldGen       total 389120K, used 185705K [0x0000000080000000, 0x0000000097c00000, 0x00000000d5580000)
  object space 389120K, 47% used [0x0000000080000000,0x000000008b55a440,0x0000000097c00000)
 Metaspace       used 108947K, capacity 115008K, committed 115352K, reserved 1148928K
  class space    used 13851K, capacity 14926K, committed 15024K, reserved 1048576K

